{"level":"info","message":"Server is running on port 3000","timestamp":"2025-06-20T14:38:31.278Z"}
{"level":"info","message":"MongoDB connected successfully","timestamp":"2025-06-20T14:38:33.407Z"}
{"level":"info","message":"POST /api/auth/signup 201 872 - 1027.127 ms","timestamp":"2025-06-20T14:38:53.935Z"}
{"level":"info","message":"POST /api/auth/signin 200 872 - 464.981 ms","timestamp":"2025-06-20T14:39:06.049Z"}
{"level":"info","message":"Server is running on port 3000","timestamp":"2025-06-20T14:43:04.435Z"}
{"level":"info","message":"MongoDB connected successfully","timestamp":"2025-06-20T14:43:06.408Z"}
{"level":"info","message":"GET / 304 - - 45.878 ms","timestamp":"2025-06-20T14:53:41.139Z"}
{"level":"info","message":"GET /favicon.ico 404 150 - 17.146 ms","timestamp":"2025-06-20T14:53:42.605Z"}
{"level":"info","message":"POST /auth/signup 404 151 - 186.310 ms","timestamp":"2025-06-20T14:53:54.368Z"}
{"level":"info","message":"Server is running on port 3000","timestamp":"2025-06-20T15:00:01.222Z"}
{"level":"info","message":"MongoDB connected successfully","timestamp":"2025-06-20T15:00:04.238Z"}
{"level":"info","message":"POST /auth/signup 404 151 - 65.169 ms","timestamp":"2025-06-20T15:01:38.548Z"}
{"level":"info","message":"Server is running on port 3000","timestamp":"2025-06-20T15:03:37.963Z"}
{"level":"info","message":"MongoDB connected successfully","timestamp":"2025-06-20T15:03:40.431Z"}
{"level":"info","message":"POST /auth/signup 201 916 - 769.271 ms","timestamp":"2025-06-20T15:03:55.049Z"}
{"level":"error","message":"Error:","timestamp":"2025-06-20T15:04:16.988Z"}
{"level":"info","message":"POST /auth/signin 401 49 - 174.501 ms","timestamp":"2025-06-20T15:04:16.993Z"}
{"level":"info","message":"POST /auth/signin 200 916 - 507.394 ms","timestamp":"2025-06-20T15:04:48.845Z"}
{"level":"info","message":"Server is running on port 3000","timestamp":"2025-06-20T15:06:22.343Z"}
{"level":"info","message":"MongoDB connected successfully","timestamp":"2025-06-20T15:06:24.478Z"}
{"level":"info","message":"Server is running on port 3000","timestamp":"2025-06-20T15:10:15.919Z"}
{"level":"info","message":"MongoDB connected successfully","timestamp":"2025-06-20T15:10:17.747Z"}
{"level":"info","message":"Server is running on port 3000","timestamp":"2025-06-20T15:23:47.146Z"}
{"level":"info","message":"MongoDB connected successfully","timestamp":"2025-06-20T15:23:48.536Z"}
{"level":"error","message":"Error:","timestamp":"2025-06-20T15:23:54.801Z"}
{"level":"info","message":"POST /auth/signup 400 50 - 145.676 ms","timestamp":"2025-06-20T15:23:54.806Z"}
{"level":"info","message":"Server is running on port 3000","timestamp":"2025-06-20T15:24:22.941Z"}
{"level":"info","message":"MongoDB connected successfully","timestamp":"2025-06-20T15:24:24.177Z"}
{"level":"error","message":"Error:","timestamp":"2025-06-20T15:24:28.112Z"}
{"level":"info","message":"POST /auth/signup 400 50 - 126.825 ms","timestamp":"2025-06-20T15:24:28.117Z"}
{"level":"info","message":"POST /auth/signout 200 32 - 1.639 ms","timestamp":"2025-06-20T15:25:03.510Z"}
{"level":"info","message":"Server is running on port 3000","timestamp":"2025-06-20T15:43:01.453Z"}
{"level":"info","message":"MongoDB connected successfully","timestamp":"2025-06-20T15:43:02.786Z"}
{"level":"info","message":"Server is running on port 3000","timestamp":"2025-06-20T15:49:27.905Z"}
{"level":"info","message":"MongoDB connected successfully","timestamp":"2025-06-20T15:49:29.346Z"}
{"level":"info","message":"Server is running on port 3000","timestamp":"2025-06-20T16:43:39.337Z"}
{"level":"info","message":"MongoDB connected successfully","timestamp":"2025-06-20T16:43:40.890Z"}
{"level":"info","message":"Server is running on port 3000","timestamp":"2025-06-20T16:43:56.183Z"}
{"level":"info","message":"MongoDB connected successfully","timestamp":"2025-06-20T16:43:57.786Z"}
{"level":"info","message":"Server is running on port 3000","timestamp":"2025-06-20T17:49:35.026Z"}
{"level":"info","message":"MongoDB connected successfully","timestamp":"2025-06-20T17:49:38.120Z"}
{"level":"error","message":"Error:","timestamp":"2025-06-20T17:49:56.040Z"}
{"level":"info","message":"POST /auth/signout 401 51 - 33.652 ms","timestamp":"2025-06-20T17:49:56.051Z"}
{"level":"info","message":"POST /auth/signup 400 32 - 178.554 ms","timestamp":"2025-06-20T17:50:04.069Z"}
{"level":"info","message":"POST /auth/signin 400 31 - 118.524 ms","timestamp":"2025-06-20T17:50:17.072Z"}
{"level":"info","message":"POST /auth/signin 200 188 - 522.411 ms","timestamp":"2025-06-20T17:50:44.837Z"}
{"level":"info","message":"GET /weather?lat=24.71&lon=46.68 404 146 - 64.650 ms","timestamp":"2025-06-20T17:52:35.488Z"}
{"level":"info","message":"Server is running on port 3000","timestamp":"2025-06-20T17:52:57.219Z"}
{"level":"info","message":"Server is running on port 3000","timestamp":"2025-06-20T17:53:02.476Z"}
{"level":"error","message":"Error:","timestamp":"2025-06-20T17:53:03.650Z"}
{"level":"info","message":"GET /weather?lat=24.71&lon=46.68 401 43 - 22.285 ms","timestamp":"2025-06-20T17:53:03.656Z"}
{"level":"info","message":"MongoDB connected successfully","timestamp":"2025-06-20T17:53:04.015Z"}
{"level":"info","message":"GET /history?limit=10&skip=0&sort=-requestedAt 404 146 - 3.186 ms","timestamp":"2025-06-20T17:53:17.876Z"}
{"level":"info","message":"Server is running on port 3000","timestamp":"2025-06-20T17:53:35.138Z"}
{"level":"info","message":"MongoDB connected successfully","timestamp":"2025-06-20T17:53:36.282Z"}
{"level":"error","message":"Error:","timestamp":"2025-06-20T17:53:39.292Z"}
{"level":"info","message":"GET /history?limit=10&skip=0&sort=-requestedAt 401 43 - 9.357 ms","timestamp":"2025-06-20T17:53:39.299Z"}
{"level":"error","message":"Error:","timestamp":"2025-06-20T17:53:46.777Z"}
{"level":"info","message":"GET /history?count=true 401 43 - 3.749 ms","timestamp":"2025-06-20T17:53:46.779Z"}
{"level":"info","message":"Server is running on port 3000","timestamp":"2025-06-20T17:58:34.249Z"}
{"level":"info","message":"MongoDB connected successfully","timestamp":"2025-06-20T17:58:36.951Z"}
{"level":"error","message":"Error:","timestamp":"2025-06-20T17:58:57.376Z"}
{"level":"info","message":"POST /auth/signout 401 51 - 26.779 ms","timestamp":"2025-06-20T17:58:57.386Z"}
{"level":"info","message":"POST /auth/signin 200 188 - 282.852 ms","timestamp":"2025-06-20T17:59:08.551Z"}
{"level":"error","message":"Error:","timestamp":"2025-06-20T17:59:15.296Z"}
{"level":"info","message":"POST /auth/signout 401 51 - 3.392 ms","timestamp":"2025-06-20T17:59:15.298Z"}
{"level":"error","message":"Error:","timestamp":"2025-06-20T17:59:21.678Z"}
{"level":"info","message":"GET /weather?lat=24.71&lon=46.68 401 43 - 5.921 ms","timestamp":"2025-06-20T17:59:21.680Z"}
{"level":"error","message":"Error:","timestamp":"2025-06-20T18:00:13.343Z"}
{"level":"info","message":"GET /weather?lat=24.71&lon=46.68 401 43 - 11.113 ms","timestamp":"2025-06-20T18:00:13.350Z"}
{"level":"info","message":"Server is running on port 3000","timestamp":"2025-06-20T18:00:53.801Z"}
{"level":"info","message":"Server is running on port 3000","timestamp":"2025-06-20T18:00:58.909Z"}
{"level":"info","message":"MongoDB connected successfully","timestamp":"2025-06-20T18:01:00.539Z"}
{"level":"info","message":"Server is running on port 3000","timestamp":"2025-06-20T18:01:12.509Z"}
{"level":"info","message":"MongoDB connected successfully","timestamp":"2025-06-20T18:01:14.055Z"}
{"level":"info","message":"Server is running on port 3000","timestamp":"2025-06-20T18:01:34.858Z"}
{"level":"info","message":"MongoDB connected successfully","timestamp":"2025-06-20T18:01:36.794Z"}
{"level":"info","message":"Server is running on port 3000","timestamp":"2025-06-20T18:02:15.764Z"}
{"level":"info","message":"MongoDB connected successfully","timestamp":"2025-06-20T18:02:17.240Z"}
{"level":"info","message":"POST /auth/signup 201 188 - 532.753 ms","timestamp":"2025-06-20T18:02:23.191Z"}
{"level":"info","message":"POST /auth/signin 200 188 - 390.780 ms","timestamp":"2025-06-20T18:02:33.850Z"}
{"level":"error","message":"Error:","timestamp":"2025-06-20T18:02:42.139Z"}
{"level":"info","message":"GET /weather?lat=24.71&lon=46.68 401 43 - 10.429 ms","timestamp":"2025-06-20T18:02:42.143Z"}
{"level":"info","message":"Server is running on port 3000","timestamp":"2025-06-20T18:46:04.383Z"}
{"level":"info","message":"MongoDB connected successfully","timestamp":"2025-06-20T18:46:05.563Z"}
{"level":"error","message":"Error:","timestamp":"2025-06-20T18:46:16.391Z"}
{"level":"info","message":"GET /weather?lat=24.71&lon=46.68 401 43 - 8.339 ms","timestamp":"2025-06-20T18:46:16.397Z"}
{"level":"error","message":"Error:","timestamp":"2025-06-20T18:47:10.415Z"}
{"level":"info","message":"POST /auth/signout 401 51 - 26.318 ms","timestamp":"2025-06-20T18:47:10.417Z"}
{"level":"error","message":"Error:","timestamp":"2025-06-20T18:47:12.124Z"}
{"level":"info","message":"POST /auth/signout 401 51 - 2.668 ms","timestamp":"2025-06-20T18:47:12.126Z"}
{"level":"info","message":"Server is running on port 3000","timestamp":"2025-06-20T18:49:08.042Z"}
{"level":"info","message":"MongoDB connected successfully","timestamp":"2025-06-20T18:49:09.341Z"}
{"level":"error","message":"Error:","timestamp":"2025-06-20T18:50:29.087Z"}
{"level":"info","message":"POST /auth/signout 401 51 - 112.215 ms","timestamp":"2025-06-20T18:50:29.118Z"}
{"level":"error","message":"Error:","timestamp":"2025-06-20T18:50:31.288Z"}
{"level":"info","message":"POST /auth/signout 401 51 - 7.333 ms","timestamp":"2025-06-20T18:50:31.290Z"}
{"level":"error","message":"Error:","timestamp":"2025-06-20T18:51:22.219Z"}
{"level":"info","message":"POST /auth/signout 401 51 - 2.582 ms","timestamp":"2025-06-20T18:51:22.221Z"}
{"level":"info","message":"POST /auth/signin 200 188 - 8186.496 ms","timestamp":"2025-06-20T18:51:40.190Z"}
{"level":"error","message":"Error:","timestamp":"2025-06-20T18:51:55.084Z"}
{"level":"info","message":"POST /auth/signout 401 51 - 1.993 ms","timestamp":"2025-06-20T18:51:55.085Z"}
{"level":"info","message":"Server is running on port 3000","timestamp":"2025-06-20T18:53:49.595Z"}
{"level":"info","message":"MongoDB connected successfully","timestamp":"2025-06-20T18:53:50.912Z"}
{"level":"info","message":"Server is running on port 3000","timestamp":"2025-06-20T18:59:55.353Z"}
{"level":"info","message":"MongoDB connected successfully","timestamp":"2025-06-20T18:59:57.538Z"}
{"level":"error","message":"Error:","timestamp":"2025-06-20T19:00:08.264Z"}
{"level":"info","message":"POST /auth/signout 401 51 - 27.390 ms","timestamp":"2025-06-20T19:00:08.271Z"}
{"level":"info","message":"POST /auth/signup 400 36 - 116.374 ms","timestamp":"2025-06-20T19:00:25.502Z"}
{"level":"info","message":"POST /auth/signin 200 207 - 224.309 ms","timestamp":"2025-06-20T19:00:29.340Z"}
{"level":"error","message":"Error:","timestamp":"2025-06-20T19:00:33.219Z"}
{"level":"info","message":"POST /auth/signout 401 51 - 3.190 ms","timestamp":"2025-06-20T19:00:33.221Z"}
{"level":"info","message":"POST /auth/signup 400 36 - 106.519 ms","timestamp":"2025-06-20T19:01:48.475Z"}
{"level":"info","message":"POST /auth/signin 401 31 - 97.932 ms","timestamp":"2025-06-20T19:01:51.731Z"}
{"level":"info","message":"POST /auth/signin 200 207 - 208.694 ms","timestamp":"2025-06-20T19:02:09.785Z"}
{"level":"error","message":"Error:","timestamp":"2025-06-20T19:02:18.465Z"}
{"level":"info","message":"POST /auth/signout 401 43 - 24.851 ms","timestamp":"2025-06-20T19:02:18.467Z"}
{"level":"error","message":"Error:","timestamp":"2025-06-20T19:02:35.788Z"}
{"level":"info","message":"GET /weather?lat=24.71&lon=46.68 401 43 - 6.269 ms","timestamp":"2025-06-20T19:02:35.791Z"}
{"level":"error","message":"Error:","timestamp":"2025-06-20T19:02:39.255Z"}
{"level":"info","message":"GET /history?limit=10&skip=0&sort=-requestedAt 401 43 - 3.639 ms","timestamp":"2025-06-20T19:02:39.257Z"}
{"level":"error","message":"Error:","timestamp":"2025-06-20T19:02:41.761Z"}
{"level":"info","message":"GET /history?count=true 401 43 - 3.725 ms","timestamp":"2025-06-20T19:02:41.763Z"}
{"level":"info","message":"Server is running on port 3000","timestamp":"2025-06-20T19:04:50.519Z"}
{"level":"info","message":"MongoDB connected successfully","timestamp":"2025-06-20T19:04:51.755Z"}
{"level":"info","message":"POST /auth/signin 200 207 - 219.971 ms","timestamp":"2025-06-20T19:04:59.117Z"}
{"level":"info","message":"POST /auth/signout 401 39 - 4.586 ms","timestamp":"2025-06-20T19:05:02.852Z"}
{"level":"info","message":"POST /auth/signin 200 207 - 196.548 ms","timestamp":"2025-06-20T19:05:12.469Z"}
{"level":"info","message":"POST /auth/signin 200 207 - 199.459 ms","timestamp":"2025-06-20T19:05:14.916Z"}
{"level":"info","message":"POST /auth/signout 401 39 - 2.276 ms","timestamp":"2025-06-20T19:05:18.487Z"}
{"level":"info","message":"GET /weather?lat=24.71&lon=46.68 401 39 - 2.787 ms","timestamp":"2025-06-20T19:05:23.504Z"}
{"level":"info","message":"Server is running on port 3000","timestamp":"2025-06-20T19:06:04.132Z"}
{"level":"info","message":"MongoDB connected successfully","timestamp":"2025-06-20T19:06:05.333Z"}
{"level":"info","message":"Server is running on port 3000","timestamp":"2025-06-20T19:07:21.251Z"}
{"level":"info","message":"MongoDB connected successfully","timestamp":"2025-06-20T19:07:22.466Z"}
{"level":"info","message":"Server is running on port 3000","timestamp":"2025-06-20T19:08:18.884Z"}
{"level":"info","message":"MongoDB connected successfully","timestamp":"2025-06-20T19:08:20.267Z"}
{"level":"info","message":"Server is running on port 3000","timestamp":"2025-06-20T19:08:25.327Z"}
{"level":"info","message":"MongoDB connected successfully","timestamp":"2025-06-20T19:08:26.466Z"}
{"level":"info","message":"POST /auth/signout 200 32 - 30.789 ms","timestamp":"2025-06-20T19:08:31.710Z"}
{"level":"info","message":"POST /auth/signin 200 207 - 218.664 ms","timestamp":"2025-06-20T19:08:38.715Z"}
{"level":"info","message":"GET /weather?lat=24.71&lon=46.68 401 55 - 45.766 ms","timestamp":"2025-06-20T19:08:45.331Z"}
{"level":"info","message":"Server is running on port 3000","timestamp":"2025-06-20T19:10:41.027Z"}
{"level":"info","message":"MongoDB connected successfully","timestamp":"2025-06-20T19:10:42.252Z"}
{"level":"error","message":"Error:","timestamp":"2025-06-20T19:10:42.815Z"}
{"level":"info","message":"GET /weather?lat=24.71&lon=46.68 401 43 - 8.144 ms","timestamp":"2025-06-20T19:10:42.821Z"}
{"level":"info","message":"Server is running on port 3000","timestamp":"2025-06-20T19:10:54.124Z"}
{"level":"info","message":"MongoDB connected successfully","timestamp":"2025-06-20T19:10:55.244Z"}
{"level":"info","message":"Server is running on port 3000","timestamp":"2025-06-20T19:14:52.053Z"}
{"level":"info","message":"MongoDB connected successfully","timestamp":"2025-06-20T19:14:53.332Z"}
{"level":"info","message":"Server is running on port 3000","timestamp":"2025-06-20T19:15:03.331Z"}
{"level":"info","message":"MongoDB connected successfully","timestamp":"2025-06-20T19:15:04.460Z"}
{"level":"info","message":"POST /auth/signin 200 207 - 227.941 ms","timestamp":"2025-06-20T19:15:17.826Z"}
{"level":"error","message":"Error:","timestamp":"2025-06-20T19:15:23.513Z"}
{"level":"info","message":"GET /weather?lat=24.71&lon=46.68 401 43 - 5.583 ms","timestamp":"2025-06-20T19:15:23.515Z"}
{"level":"info","message":"Server is running on port 3000","timestamp":"2025-06-20T19:19:31.230Z"}
{"level":"info","message":"MongoDB connected successfully","timestamp":"2025-06-20T19:19:37.118Z"}
{"level":"info","message":"Server is running on port 3000","timestamp":"2025-06-20T19:21:09.445Z"}
{"level":"info","message":"MongoDB connected successfully","timestamp":"2025-06-20T19:21:10.647Z"}
{"level":"info","message":"Server is running on port 3000","timestamp":"2025-06-20T19:22:19.521Z"}
{"level":"info","message":"MongoDB connected successfully","timestamp":"2025-06-20T19:22:20.750Z"}
{"level":"info","message":"Server is running on port 3000","timestamp":"2025-06-20T19:22:26.632Z"}
{"level":"info","message":"MongoDB connected successfully","timestamp":"2025-06-20T19:22:27.784Z"}
{"level":"info","message":"Server is running on port 3000","timestamp":"2025-06-20T19:22:38.524Z"}
{"level":"info","message":"MongoDB connected successfully","timestamp":"2025-06-20T19:22:39.642Z"}
{"level":"info","message":"Server is running on port 3000","timestamp":"2025-06-20T19:23:07.035Z"}
{"level":"info","message":"MongoDB connected successfully","timestamp":"2025-06-20T19:23:08.197Z"}
{"level":"info","message":"POST /auth/signup 400 36 - 140.967 ms","timestamp":"2025-06-20T19:23:19.618Z"}
{"level":"info","message":"POST /auth/signin 200 207 - 220.785 ms","timestamp":"2025-06-20T19:23:23.065Z"}
{"level":"info","message":"POST /auth/signout 200 32 - 1.228 ms","timestamp":"2025-06-20T19:23:26.709Z"}
{"level":"info","message":"POST /auth/signin 200 207 - 206.120 ms","timestamp":"2025-06-20T19:23:30.906Z"}
{"level":"error","message":"Error:","timestamp":"2025-06-20T19:23:33.600Z"}
{"level":"info","message":"GET /weather?lat=24.71&lon=46.68 401 43 - 83.426 ms","timestamp":"2025-06-20T19:23:33.601Z"}
{"level":"info","message":"Server is running on port 3000","timestamp":"2025-06-20T19:24:58.494Z"}
{"level":"info","message":"Server is running on port 3000","timestamp":"2025-06-20T19:25:24.190Z"}
{"level":"info","message":"MongoDB connected successfully","timestamp":"2025-06-20T19:25:25.351Z"}
{"level":"info","message":"Server is running on port 3000","timestamp":"2025-06-20T19:26:07.151Z"}
{"level":"info","message":"MongoDB connected successfully","timestamp":"2025-06-20T19:26:08.442Z"}
{"level":"info","message":"Server is running on port 3000","timestamp":"2025-06-20T19:34:58.133Z"}
{"level":"info","message":"MongoDB connected successfully","timestamp":"2025-06-20T19:34:59.482Z"}
{"level":"info","message":"POST /auth/signup 400 36 - 124.586 ms","timestamp":"2025-06-20T19:35:06.627Z"}
{"level":"info","message":"POST /auth/signin 200 207 - 201.832 ms","timestamp":"2025-06-20T19:35:09.271Z"}
{"level":"info","message":"GET /weather?lat=24.71&lon=46.68 401 54 - 4.888 ms","timestamp":"2025-06-20T19:35:13.450Z"}
{"level":"info","message":"Server is running on port 3000","timestamp":"2025-06-20T19:38:00.511Z"}
{"level":"info","message":"MongoDB connected successfully","timestamp":"2025-06-20T19:38:01.749Z"}
{"level":"info","message":"Server is running on port 3000","timestamp":"2025-06-20T19:38:20.137Z"}
{"level":"info","message":"MongoDB connected successfully","timestamp":"2025-06-20T19:38:21.226Z"}
{"level":"info","message":"GET /weather?lat=24.71&lon=46.68 401 54 - 6.301 ms","timestamp":"2025-06-20T19:38:26.747Z"}
{"level":"info","message":"Server is running on port 3000","timestamp":"2025-06-20T19:40:08.292Z"}
{"level":"info","message":"MongoDB connected successfully","timestamp":"2025-06-20T19:40:09.608Z"}
{"level":"info","message":"GET /weather?lat=24.71&lon=46.68 401 54 - 5.821 ms","timestamp":"2025-06-20T19:40:14.514Z"}
{"level":"info","message":"Server is running on port 3000","timestamp":"2025-06-20T19:41:17.450Z"}
{"level":"info","message":"MongoDB connected successfully","timestamp":"2025-06-20T19:41:18.486Z"}
{"level":"info","message":"POST /auth/signin 401 31 - 128.314 ms","timestamp":"2025-06-20T19:41:43.256Z"}
{"level":"info","message":"POST /auth/signin 200 207 - 228.023 ms","timestamp":"2025-06-20T19:41:57.575Z"}
{"level":"info","message":"GET /weather?lat=24.71&lon=46.68 401 54 - 1.603 ms","timestamp":"2025-06-20T19:42:01.572Z"}
{"level":"info","message":"Server is running on port 3000","timestamp":"2025-06-21T09:08:20.446Z"}
{"level":"info","message":"MongoDB connected successfully","timestamp":"2025-06-21T09:08:21.955Z"}
{"level":"info","message":"POST /auth/signin 200 207 - 257.716 ms","timestamp":"2025-06-21T09:08:26.361Z"}
{"level":"info","message":"GET /weather?lat=24.71&lon=46.68 401 54 - 15.354 ms","timestamp":"2025-06-21T09:08:44.988Z"}
{"level":"info","message":"Server is running on port 3000","timestamp":"2025-06-21T09:11:04.421Z"}
{"level":"info","message":"MongoDB connected successfully","timestamp":"2025-06-21T09:11:05.639Z"}
{"level":"error","message":"Error:","timestamp":"2025-06-21T09:11:14.734Z"}
{"level":"info","message":"GET /weather?lat=24.71&lon=46.68 401 43 - 25.115 ms","timestamp":"2025-06-21T09:11:14.741Z"}
{"level":"info","message":"Server is running on port 3000","timestamp":"2025-06-21T09:12:01.985Z"}
{"level":"info","message":"Server is running on port 3000","timestamp":"2025-06-21T09:12:09.801Z"}
{"level":"info","message":"MongoDB connected successfully","timestamp":"2025-06-21T09:12:10.940Z"}
{"level":"info","message":"Server is running on port 3000","timestamp":"2025-06-21T09:12:20.706Z"}
{"level":"info","message":"MongoDB connected successfully","timestamp":"2025-06-21T09:12:21.837Z"}
{"level":"info","message":"Server is running on port 3000","timestamp":"2025-06-21T09:12:29.833Z"}
{"level":"info","message":"MongoDB connected successfully","timestamp":"2025-06-21T09:12:30.910Z"}
{"level":"error","message":"Error:","timestamp":"2025-06-21T09:12:37.516Z"}
{"level":"info","message":"GET /weather?lat=24.71&lon=46.68 401 43 - 69.370 ms","timestamp":"2025-06-21T09:12:37.539Z"}
{"level":"info","message":"Server is running on port 3000","timestamp":"2025-06-21T09:13:32.678Z"}
{"level":"info","message":"MongoDB connected successfully","timestamp":"2025-06-21T09:13:33.882Z"}
{"level":"info","message":"Server is running on port 3000","timestamp":"2025-06-21T09:14:03.212Z"}
{"level":"info","message":"MongoDB connected successfully","timestamp":"2025-06-21T09:14:04.325Z"}
{"level":"info","message":"Server is running on port 3000","timestamp":"2025-06-21T09:14:21.907Z"}
{"level":"info","message":"MongoDB connected successfully","timestamp":"2025-06-21T09:14:23.035Z"}
{"level":"info","message":"Server is running on port 3000","timestamp":"2025-06-21T09:14:39.506Z"}
{"level":"info","message":"MongoDB connected successfully","timestamp":"2025-06-21T09:14:40.691Z"}
{"level":"error","message":"Error:","timestamp":"2025-06-21T09:14:43.878Z"}
{"level":"info","message":"GET /weather?lat=24.71&lon=46.68 401 43 - 25.781 ms","timestamp":"2025-06-21T09:14:43.885Z"}
{"level":"error","message":"Error:","timestamp":"2025-06-21T09:14:52.945Z"}
{"level":"info","message":"GET /weather?lat=24.71&lon=46.68 401 43 - 6.393 ms","timestamp":"2025-06-21T09:14:52.949Z"}
{"level":"info","message":"Server is running on port 3000","timestamp":"2025-06-21T09:18:36.625Z"}
{"level":"info","message":"MongoDB connected successfully","timestamp":"2025-06-21T09:18:38.120Z"}
{"level":"error","message":"Error:","timestamp":"2025-06-21T09:18:42.690Z"}
{"level":"info","message":"GET /weather?lat=24.71&lon=46.68 401 43 - 23.430 ms","timestamp":"2025-06-21T09:18:42.696Z"}
{"level":"info","message":"Server is running on port 3000","timestamp":"2025-06-21T09:19:05.316Z"}
{"level":"info","message":"MongoDB connected successfully","timestamp":"2025-06-21T09:19:06.662Z"}
{"level":"error","message":"Error:","timestamp":"2025-06-21T09:19:09.672Z"}
{"level":"info","message":"GET /weather?lat=24.71&lon=46.68 401 43 - 20.246 ms","timestamp":"2025-06-21T09:19:09.677Z"}
{"level":"info","message":"Server is running on port 3000","timestamp":"2025-06-21T09:23:25.163Z"}
{"level":"info","message":"MongoDB connected successfully","timestamp":"2025-06-21T09:23:26.475Z"}
{"level":"error","message":"Error:","timestamp":"2025-06-21T09:23:28.890Z"}
{"level":"info","message":"GET /weather?lat=24.71&lon=46.68 401 51 - 40.917 ms","timestamp":"2025-06-21T09:23:28.900Z"}
{"level":"info","message":"Server is running on port 3000","timestamp":"2025-06-21T09:23:48.125Z"}
{"level":"info","message":"MongoDB connected successfully","timestamp":"2025-06-21T09:23:49.245Z"}
{"level":"error","message":"Error:","timestamp":"2025-06-21T09:23:52.673Z"}
{"level":"info","message":"GET /weather?lat=24.71&lon=46.68 401 43 - 29.690 ms","timestamp":"2025-06-21T09:23:52.678Z"}
{"level":"info","message":"Server is running on port 3000","timestamp":"2025-06-21T09:24:26.307Z"}
{"level":"info","message":"MongoDB connected successfully","timestamp":"2025-06-21T09:24:28.512Z"}
{"level":"info","message":"Server is running on port 3000","timestamp":"2025-06-21T09:24:33.355Z"}
{"level":"info","message":"MongoDB connected successfully","timestamp":"2025-06-21T09:24:34.483Z"}
{"level":"info","message":"Server is running on port 3000","timestamp":"2025-06-21T09:24:57.408Z"}
{"level":"info","message":"MongoDB connected successfully","timestamp":"2025-06-21T09:24:59.126Z"}
{"level":"error","message":"Error:","timestamp":"2025-06-21T09:25:08.346Z"}
{"level":"info","message":"GET /weather?lat=24.71&lon=46.68 401 43 - 22.282 ms","timestamp":"2025-06-21T09:25:08.352Z"}
{"level":"info","message":"Server is running on port 3000","timestamp":"2025-06-21T16:09:03.162Z"}
{"level":"info","message":"MongoDB connected successfully","timestamp":"2025-06-21T16:09:04.245Z"}
{"level":"info","message":"Server is running on port 3000","timestamp":"2025-06-21T16:09:40.800Z"}
{"level":"info","message":"MongoDB connected successfully","timestamp":"2025-06-21T16:09:42.002Z"}
{"level":"info","message":"POST /auth/signin 200 207 - 398.271 ms","timestamp":"2025-06-21T16:10:07.442Z"}
{"level":"error","message":"Error:","timestamp":"2025-06-21T16:10:15.814Z"}
{"level":"info","message":"GET /weather?lat=24.71&lon=46.68 401 43 - 69.117 ms","timestamp":"2025-06-21T16:10:15.815Z"}
{"level":"info","message":"Server is running on port 3000","timestamp":"2025-06-21T19:36:15.041Z"}
{"level":"info","message":"MongoDB connected successfully","timestamp":"2025-06-21T19:36:17.152Z"}
{"level":"info","message":"Server is running on port 3000","timestamp":"2025-06-21T19:38:04.170Z"}
{"level":"info","message":"MongoDB connected successfully","timestamp":"2025-06-21T19:38:06.055Z"}
{"level":"error","message":"Error:","timestamp":"2025-06-21T19:38:08.684Z"}
{"level":"info","message":"POST /auth/signup 500 52 - 31.489 ms","timestamp":"2025-06-21T19:38:08.690Z"}
{"level":"info","message":"Server is running on port 3000","timestamp":"2025-06-21T19:39:00.899Z"}
{"level":"info","message":"MongoDB connected successfully","timestamp":"2025-06-21T19:39:02.619Z"}
{"level":"info","message":"Server is running on port 3000","timestamp":"2025-06-21T19:39:29.784Z"}
{"level":"info","message":"MongoDB connected successfully","timestamp":"2025-06-21T19:39:31.359Z"}
{"level":"error","message":"Error:","timestamp":"2025-06-21T19:39:37.403Z"}
{"level":"info","message":"POST /auth/signup 500 52 - 26.942 ms","timestamp":"2025-06-21T19:39:37.409Z"}
{"level":"info","message":"POST /auth/signin 200 207 - 260.904 ms","timestamp":"2025-06-21T19:39:44.856Z"}
{"level":"info","message":"GET /weather?lat=24.71&lon=46.68 401 26 - 2.284 ms","timestamp":"2025-06-21T19:39:51.269Z"}
{"level":"info","message":"Server is running on port 3000","timestamp":"2025-06-21T19:42:59.748Z"}
{"level":"info","message":"MongoDB connected successfully","timestamp":"2025-06-21T19:43:01.561Z"}
{"level":"error","message":"Error:","timestamp":"2025-06-21T19:43:08.932Z"}
{"level":"info","message":"POST /auth/signup 500 52 - 27.730 ms","timestamp":"2025-06-21T19:43:08.936Z"}
{"level":"info","message":"POST /auth/signin 200 207 - 268.888 ms","timestamp":"2025-06-21T19:43:12.548Z"}
{"level":"info","message":"GET /weather?lat=24.71&lon=46.68 401 26 - 2.711 ms","timestamp":"2025-06-21T19:43:16.221Z"}
{"level":"info","message":"Server is running on port 3000","timestamp":"2025-06-21T19:44:33.631Z"}
{"level":"info","message":"MongoDB connected successfully","timestamp":"2025-06-21T19:44:35.290Z"}
{"level":"info","message":"GET /weather?lat=24.71&lon=46.68 401 26 - 20.046 ms","timestamp":"2025-06-21T19:44:37.662Z"}
{"level":"info","message":"POST /auth/signin 200 207 - 243.822 ms","timestamp":"2025-06-21T19:44:41.520Z"}
{"level":"info","message":"GET /weather?lat=24.71&lon=46.68 401 26 - 1.161 ms","timestamp":"2025-06-21T19:44:45.380Z"}
{"level":"info","message":"Server is running on port 3000","timestamp":"2025-06-21T19:49:48.792Z"}
{"level":"info","message":"MongoDB connected successfully","timestamp":"2025-06-21T19:49:50.586Z"}
{"level":"info","message":"Server is running on port 3000","timestamp":"2025-06-21T19:50:07.192Z"}
{"level":"info","message":"Server is running on port 3000","timestamp":"2025-06-21T19:50:12.834Z"}
{"level":"info","message":"MongoDB connected successfully","timestamp":"2025-06-21T19:50:15.172Z"}
{"level":"info","message":"Server is running on port 3000","timestamp":"2025-06-21T19:50:23.095Z"}
{"level":"info","message":"MongoDB connected successfully","timestamp":"2025-06-21T19:50:24.814Z"}
{"level":"info","message":"POST /auth/signin 500 25 - 194.145 ms","timestamp":"2025-06-21T19:50:31.128Z"}
{"level":"info","message":"POST /auth/signin 500 25 - 144.980 ms","timestamp":"2025-06-21T19:50:36.255Z"}
{"level":"error","message":"Error:","timestamp":"2025-06-21T19:50:41.366Z"}
{"level":"info","message":"POST /auth/signup 500 52 - 9.107 ms","timestamp":"2025-06-21T19:50:41.368Z"}
{"level":"info","message":"POST /auth/signup 400 36 - 145.088 ms","timestamp":"2025-06-21T19:51:00.431Z"}
{"level":"info","message":"POST /auth/signin 500 25 - 139.272 ms","timestamp":"2025-06-21T19:51:04.424Z"}
{"level":"info","message":"Server is running on port 3000","timestamp":"2025-06-21T19:53:09.685Z"}
{"level":"info","message":"MongoDB connected successfully","timestamp":"2025-06-21T19:53:11.543Z"}
{"level":"info","message":"POST /auth/signin 200 370 - 265.774 ms","timestamp":"2025-06-21T19:53:15.339Z"}
{"level":"info","message":"GET /weather?lat=24.71&lon=46.68 401 26 - 2.696 ms","timestamp":"2025-06-21T19:53:22.889Z"}
{"level":"info","message":"Server is running on port 3000","timestamp":"2025-06-21T19:54:02.507Z"}
{"level":"info","message":"MongoDB connected successfully","timestamp":"2025-06-21T19:54:04.542Z"}
{"level":"info","message":"Server is running on port 3000","timestamp":"2025-06-21T19:54:14.873Z"}
{"level":"info","message":"MongoDB connected successfully","timestamp":"2025-06-21T19:54:16.731Z"}
{"level":"info","message":"Server is running on port 3000","timestamp":"2025-06-21T19:54:20.078Z"}
{"level":"info","message":"MongoDB connected successfully","timestamp":"2025-06-21T19:54:21.747Z"}
{"level":"info","message":"Server is running on port 3000","timestamp":"2025-06-21T19:54:37.090Z"}
{"level":"info","message":"MongoDB connected successfully","timestamp":"2025-06-21T19:54:38.793Z"}
{"level":"info","message":"Server is running on port 3000","timestamp":"2025-06-21T19:54:58.950Z"}
{"level":"info","message":"MongoDB connected successfully","timestamp":"2025-06-21T19:55:00.551Z"}
{"level":"info","message":"Server is running on port 3000","timestamp":"2025-06-21T19:55:08.963Z"}
{"level":"info","message":"MongoDB connected successfully","timestamp":"2025-06-21T19:55:10.600Z"}
{"level":"info","message":"Server is running on port 3000","timestamp":"2025-06-21T19:55:37.334Z"}
{"level":"info","message":"MongoDB connected successfully","timestamp":"2025-06-21T19:55:39.197Z"}
{"level":"info","message":"GET /weather?lat=24.71&lon=46.68 401 26 - 20.459 ms","timestamp":"2025-06-21T19:55:45.169Z"}
{"level":"info","message":"GET /weather?lat=24.71&lon=46.68 401 26 - 1.282 ms","timestamp":"2025-06-21T19:55:49.017Z"}
{"level":"info","message":"Server is running on port 3000","timestamp":"2025-06-21T19:58:01.079Z"}
{"level":"info","message":"MongoDB connected successfully","timestamp":"2025-06-21T19:58:02.900Z"}
{"level":"info","message":"GET /weather?lat=24.71&lon=46.68 401 26 - 24.729 ms","timestamp":"2025-06-21T19:58:07.720Z"}
{"level":"info","message":"GET /history?count=true 401 26 - 0.809 ms","timestamp":"2025-06-21T19:58:13.183Z"}
{"level":"info","message":"GET /history?count=true 401 26 - 0.667 ms","timestamp":"2025-06-21T19:58:14.006Z"}
{"level":"info","message":"Server is running on port 3000","timestamp":"2025-06-21T19:58:42.013Z"}
{"level":"info","message":"MongoDB connected successfully","timestamp":"2025-06-21T19:58:43.692Z"}
{"level":"info","message":"Server is running on port 3000","timestamp":"2025-06-21T19:59:16.122Z"}
{"level":"info","message":"Server is running on port 3000","timestamp":"2025-06-21T19:59:21.035Z"}
{"level":"info","message":"MongoDB connected successfully","timestamp":"2025-06-21T19:59:22.658Z"}
{"level":"info","message":"GET /weather?lat=24.71&lon=46.68 401 26 - 18.361 ms","timestamp":"2025-06-21T19:59:23.080Z"}
{"level":"info","message":"GET /history?limit=10&skip=0&sort=-requestedAt 401 26 - 0.779 ms","timestamp":"2025-06-21T19:59:27.808Z"}
{"level":"info","message":"GET /weather?lat=24.71&lon=46.68 401 26 - 47.787 ms","timestamp":"2025-06-21T20:11:42.695Z"}
{"level":"info","message":"Server is running on port 3000","timestamp":"2025-06-21T20:13:27.083Z"}
{"level":"info","message":"MongoDB connected successfully","timestamp":"2025-06-21T20:13:29.978Z"}
{"level":"info","message":"Server is running on port 3000","timestamp":"2025-06-21T20:15:24.870Z"}
{"level":"info","message":"MongoDB connected successfully","timestamp":"2025-06-21T20:15:26.873Z"}
{"level":"info","message":"Server is running on port 3000","timestamp":"2025-06-21T20:15:36.446Z"}
{"level":"info","message":"MongoDB connected successfully","timestamp":"2025-06-21T20:15:38.197Z"}
{"level":"info","message":"GET /weather?lat=24.71&lon=46.68 401 26 - 24.427 ms","timestamp":"2025-06-21T20:15:39.926Z"}
{"level":"info","message":"Server is running on port 3000","timestamp":"2025-06-21T20:16:02.524Z"}
{"level":"info","message":"MongoDB connected successfully","timestamp":"2025-06-21T20:16:04.381Z"}
{"level":"info","message":"Server is running on port 3000","timestamp":"2025-06-21T20:16:18.493Z"}
{"level":"info","message":"MongoDB connected successfully","timestamp":"2025-06-21T20:16:20.269Z"}
{"level":"info","message":"Server is running on port 3000","timestamp":"2025-06-21T20:17:22.536Z"}
{"level":"info","message":"MongoDB connected successfully","timestamp":"2025-06-21T20:17:24.162Z"}
{"level":"info","message":"Server is running on port 3000","timestamp":"2025-06-22T09:17:39.842Z"}
{"level":"info","message":"POST /auth/signin 500 118 - 10485.898 ms","timestamp":"2025-06-22T09:17:58.773Z"}
{"cause":{"commonWireVersion":0,"compatible":true,"heartbeatFrequencyMS":10000,"localThresholdMS":15,"logicalSessionTimeoutMinutes":null,"maxElectionId":null,"maxSetVersion":null,"servers":{"ac-mjnbzhc-shard-00-00.gjsqycc.mongodb.net:27017":{"$clusterTime":null,"address":"ac-mjnbzhc-shard-00-00.gjsqycc.mongodb.net:27017","arbiters":[],"electionId":null,"error":{"beforeHandshake":false,"errorLabelSet":{}},"hosts":[],"iscryptd":false,"lastUpdateTime":76695990,"lastWriteDate":0,"logicalSessionTimeoutMinutes":null,"maxBsonObjectSize":null,"maxMessageSizeBytes":null,"maxWireVersion":0,"maxWriteBatchSize":null,"me":null,"minRoundTripTime":0,"minWireVersion":0,"passives":[],"primary":null,"roundTripTime":-1,"setName":null,"setVersion":null,"tags":{},"topologyVersion":null,"type":"Unknown"},"ac-mjnbzhc-shard-00-01.gjsqycc.mongodb.net:27017":{"$clusterTime":null,"address":"ac-mjnbzhc-shard-00-01.gjsqycc.mongodb.net:27017","arbiters":[],"electionId":null,"error":{"beforeHandshake":false,"errorLabelSet":{}},"hosts":[],"iscryptd":false,"lastUpdateTime":76695886,"lastWriteDate":0,"logicalSessionTimeoutMinutes":null,"maxBsonObjectSize":null,"maxMessageSizeBytes":null,"maxWireVersion":0,"maxWriteBatchSize":null,"me":null,"minRoundTripTime":0,"minWireVersion":0,"passives":[],"primary":null,"roundTripTime":-1,"setName":null,"setVersion":null,"tags":{},"topologyVersion":null,"type":"Unknown"},"ac-mjnbzhc-shard-00-02.gjsqycc.mongodb.net:27017":{"$clusterTime":null,"address":"ac-mjnbzhc-shard-00-02.gjsqycc.mongodb.net:27017","arbiters":[],"electionId":null,"error":{"beforeHandshake":false,"errorLabelSet":{}},"hosts":[],"iscryptd":false,"lastUpdateTime":76695673,"lastWriteDate":0,"logicalSessionTimeoutMinutes":null,"maxBsonObjectSize":null,"maxMessageSizeBytes":null,"maxWireVersion":0,"maxWriteBatchSize":null,"me":null,"minRoundTripTime":0,"minWireVersion":0,"passives":[],"primary":null,"roundTripTime":-1,"setName":null,"setVersion":null,"tags":{},"topologyVersion":null,"type":"Unknown"}},"setName":"atlas-hlu2p6-shard-0","stale":false,"type":"ReplicaSetNoPrimary"},"errorLabelSet":{},"level":"error","message":"MongoDB connection error: Could not connect to any servers in your MongoDB Atlas cluster. One common reason is that you're trying to access the database from an IP that isn't whitelisted. Make sure your current IP address is on your Atlas cluster's IP whitelist: https://www.mongodb.com/docs/atlas/security-whitelist/","reason":{"commonWireVersion":0,"compatible":true,"heartbeatFrequencyMS":10000,"localThresholdMS":15,"logicalSessionTimeoutMinutes":null,"maxElectionId":null,"maxSetVersion":null,"servers":{"ac-mjnbzhc-shard-00-00.gjsqycc.mongodb.net:27017":{"$clusterTime":null,"address":"ac-mjnbzhc-shard-00-00.gjsqycc.mongodb.net:27017","arbiters":[],"electionId":null,"error":{"beforeHandshake":false,"errorLabelSet":{}},"hosts":[],"iscryptd":false,"lastUpdateTime":76695990,"lastWriteDate":0,"logicalSessionTimeoutMinutes":null,"maxBsonObjectSize":null,"maxMessageSizeBytes":null,"maxWireVersion":0,"maxWriteBatchSize":null,"me":null,"minRoundTripTime":0,"minWireVersion":0,"passives":[],"primary":null,"roundTripTime":-1,"setName":null,"setVersion":null,"tags":{},"topologyVersion":null,"type":"Unknown"},"ac-mjnbzhc-shard-00-01.gjsqycc.mongodb.net:27017":{"$clusterTime":null,"address":"ac-mjnbzhc-shard-00-01.gjsqycc.mongodb.net:27017","arbiters":[],"electionId":null,"error":{"beforeHandshake":false,"errorLabelSet":{}},"hosts":[],"iscryptd":false,"lastUpdateTime":76695886,"lastWriteDate":0,"logicalSessionTimeoutMinutes":null,"maxBsonObjectSize":null,"maxMessageSizeBytes":null,"maxWireVersion":0,"maxWriteBatchSize":null,"me":null,"minRoundTripTime":0,"minWireVersion":0,"passives":[],"primary":null,"roundTripTime":-1,"setName":null,"setVersion":null,"tags":{},"topologyVersion":null,"type":"Unknown"},"ac-mjnbzhc-shard-00-02.gjsqycc.mongodb.net:27017":{"$clusterTime":null,"address":"ac-mjnbzhc-shard-00-02.gjsqycc.mongodb.net:27017","arbiters":[],"electionId":null,"error":{"beforeHandshake":false,"errorLabelSet":{}},"hosts":[],"iscryptd":false,"lastUpdateTime":76695673,"lastWriteDate":0,"logicalSessionTimeoutMinutes":null,"maxBsonObjectSize":null,"maxMessageSizeBytes":null,"maxWireVersion":0,"maxWriteBatchSize":null,"me":null,"minRoundTripTime":0,"minWireVersion":0,"passives":[],"primary":null,"roundTripTime":-1,"setName":null,"setVersion":null,"tags":{},"topologyVersion":null,"type":"Unknown"}},"setName":"atlas-hlu2p6-shard-0","stale":false,"type":"ReplicaSetNoPrimary"},"stack":"MongooseServerSelectionError: Could not connect to any servers in your MongoDB Atlas cluster. One common reason is that you're trying to access the database from an IP that isn't whitelisted. Make sure your current IP address is on your Atlas cluster's IP whitelist: https://www.mongodb.com/docs/atlas/security-whitelist/\n    at _handleConnectionErrors (C:\\Users\\shouq\\OneDrive\\سطح المكتب\\HW-WEEk\\node_modules\\mongoose\\lib\\connection.js:1165:11)\n    at NativeConnection.openUri (C:\\Users\\shouq\\OneDrive\\سطح المكتب\\HW-WEEk\\node_modules\\mongoose\\lib\\connection.js:1096:11)\n    at async connectDB (C:\\Users\\shouq\\OneDrive\\سطح المكتب\\HW-WEEk\\src\\config\\database.ts:11:5)","timestamp":"2025-06-22T09:18:12.818Z"}
{"level":"info","message":"Server is running on port 3000","timestamp":"2025-06-22T09:18:48.008Z"}
{"cause":{"commonWireVersion":0,"compatible":true,"heartbeatFrequencyMS":10000,"localThresholdMS":15,"logicalSessionTimeoutMinutes":null,"maxElectionId":null,"maxSetVersion":null,"servers":{"ac-mjnbzhc-shard-00-00.gjsqycc.mongodb.net:27017":{"$clusterTime":null,"address":"ac-mjnbzhc-shard-00-00.gjsqycc.mongodb.net:27017","arbiters":[],"electionId":null,"error":{"beforeHandshake":false,"errorLabelSet":{}},"hosts":[],"iscryptd":false,"lastUpdateTime":76760605,"lastWriteDate":0,"logicalSessionTimeoutMinutes":null,"maxBsonObjectSize":null,"maxMessageSizeBytes":null,"maxWireVersion":0,"maxWriteBatchSize":null,"me":null,"minRoundTripTime":0,"minWireVersion":0,"passives":[],"primary":null,"roundTripTime":-1,"setName":null,"setVersion":null,"tags":{},"topologyVersion":null,"type":"Unknown"},"ac-mjnbzhc-shard-00-01.gjsqycc.mongodb.net:27017":{"$clusterTime":null,"address":"ac-mjnbzhc-shard-00-01.gjsqycc.mongodb.net:27017","arbiters":[],"electionId":null,"error":{"beforeHandshake":false,"errorLabelSet":{}},"hosts":[],"iscryptd":false,"lastUpdateTime":76760971,"lastWriteDate":0,"logicalSessionTimeoutMinutes":null,"maxBsonObjectSize":null,"maxMessageSizeBytes":null,"maxWireVersion":0,"maxWriteBatchSize":null,"me":null,"minRoundTripTime":0,"minWireVersion":0,"passives":[],"primary":null,"roundTripTime":-1,"setName":null,"setVersion":null,"tags":{},"topologyVersion":null,"type":"Unknown"},"ac-mjnbzhc-shard-00-02.gjsqycc.mongodb.net:27017":{"$clusterTime":null,"address":"ac-mjnbzhc-shard-00-02.gjsqycc.mongodb.net:27017","arbiters":[],"electionId":null,"error":{"beforeHandshake":false,"errorLabelSet":{}},"hosts":[],"iscryptd":false,"lastUpdateTime":76760960,"lastWriteDate":0,"logicalSessionTimeoutMinutes":null,"maxBsonObjectSize":null,"maxMessageSizeBytes":null,"maxWireVersion":0,"maxWriteBatchSize":null,"me":null,"minRoundTripTime":0,"minWireVersion":0,"passives":[],"primary":null,"roundTripTime":-1,"setName":null,"setVersion":null,"tags":{},"topologyVersion":null,"type":"Unknown"}},"setName":"atlas-hlu2p6-shard-0","stale":false,"type":"ReplicaSetNoPrimary"},"errorLabelSet":{},"level":"error","message":"MongoDB connection error: Could not connect to any servers in your MongoDB Atlas cluster. One common reason is that you're trying to access the database from an IP that isn't whitelisted. Make sure your current IP address is on your Atlas cluster's IP whitelist: https://www.mongodb.com/docs/atlas/security-whitelist/","reason":{"commonWireVersion":0,"compatible":true,"heartbeatFrequencyMS":10000,"localThresholdMS":15,"logicalSessionTimeoutMinutes":null,"maxElectionId":null,"maxSetVersion":null,"servers":{"ac-mjnbzhc-shard-00-00.gjsqycc.mongodb.net:27017":{"$clusterTime":null,"address":"ac-mjnbzhc-shard-00-00.gjsqycc.mongodb.net:27017","arbiters":[],"electionId":null,"error":{"beforeHandshake":false,"errorLabelSet":{}},"hosts":[],"iscryptd":false,"lastUpdateTime":76760605,"lastWriteDate":0,"logicalSessionTimeoutMinutes":null,"maxBsonObjectSize":null,"maxMessageSizeBytes":null,"maxWireVersion":0,"maxWriteBatchSize":null,"me":null,"minRoundTripTime":0,"minWireVersion":0,"passives":[],"primary":null,"roundTripTime":-1,"setName":null,"setVersion":null,"tags":{},"topologyVersion":null,"type":"Unknown"},"ac-mjnbzhc-shard-00-01.gjsqycc.mongodb.net:27017":{"$clusterTime":null,"address":"ac-mjnbzhc-shard-00-01.gjsqycc.mongodb.net:27017","arbiters":[],"electionId":null,"error":{"beforeHandshake":false,"errorLabelSet":{}},"hosts":[],"iscryptd":false,"lastUpdateTime":76760971,"lastWriteDate":0,"logicalSessionTimeoutMinutes":null,"maxBsonObjectSize":null,"maxMessageSizeBytes":null,"maxWireVersion":0,"maxWriteBatchSize":null,"me":null,"minRoundTripTime":0,"minWireVersion":0,"passives":[],"primary":null,"roundTripTime":-1,"setName":null,"setVersion":null,"tags":{},"topologyVersion":null,"type":"Unknown"},"ac-mjnbzhc-shard-00-02.gjsqycc.mongodb.net:27017":{"$clusterTime":null,"address":"ac-mjnbzhc-shard-00-02.gjsqycc.mongodb.net:27017","arbiters":[],"electionId":null,"error":{"beforeHandshake":false,"errorLabelSet":{}},"hosts":[],"iscryptd":false,"lastUpdateTime":76760960,"lastWriteDate":0,"logicalSessionTimeoutMinutes":null,"maxBsonObjectSize":null,"maxMessageSizeBytes":null,"maxWireVersion":0,"maxWriteBatchSize":null,"me":null,"minRoundTripTime":0,"minWireVersion":0,"passives":[],"primary":null,"roundTripTime":-1,"setName":null,"setVersion":null,"tags":{},"topologyVersion":null,"type":"Unknown"}},"setName":"atlas-hlu2p6-shard-0","stale":false,"type":"ReplicaSetNoPrimary"},"stack":"MongooseServerSelectionError: Could not connect to any servers in your MongoDB Atlas cluster. One common reason is that you're trying to access the database from an IP that isn't whitelisted. Make sure your current IP address is on your Atlas cluster's IP whitelist: https://www.mongodb.com/docs/atlas/security-whitelist/\n    at _handleConnectionErrors (C:\\Users\\shouq\\OneDrive\\سطح المكتب\\HW-WEEk\\node_modules\\mongoose\\lib\\connection.js:1165:11)\n    at NativeConnection.openUri (C:\\Users\\shouq\\OneDrive\\سطح المكتب\\HW-WEEk\\node_modules\\mongoose\\lib\\connection.js:1096:11)\n    at async connectDB (C:\\Users\\shouq\\OneDrive\\سطح المكتب\\HW-WEEk\\src\\config\\database.ts:11:5)","timestamp":"2025-06-22T09:19:18.151Z"}
{"level":"info","message":"Server is running on port 3000","timestamp":"2025-06-22T09:21:44.562Z"}
{"level":"info","message":"MongoDB connected successfully","timestamp":"2025-06-22T09:21:46.588Z"}
{"level":"info","message":"POST /auth/signin 200 370 - 601.103 ms","timestamp":"2025-06-22T09:21:55.777Z"}
{"level":"info","message":"POST /auth/signout 200 54 - 4.672 ms","timestamp":"2025-06-22T09:22:44.376Z"}
{"level":"info","message":"POST /auth/signin 200 370 - 416.956 ms","timestamp":"2025-06-22T09:22:48.864Z"}
{"level":"info","message":"GET /weather?lat=24.71&lon=46.68 401 26 - 4.095 ms","timestamp":"2025-06-22T09:22:53.031Z"}
{"level":"info","message":"Server is running on port 3000","timestamp":"2025-06-22T09:27:37.528Z"}
{"level":"info","message":"MongoDB connected successfully","timestamp":"2025-06-22T09:27:39.247Z"}
{"level":"info","message":"Server is running on port 3000","timestamp":"2025-06-22T09:28:44.669Z"}
{"level":"info","message":"MongoDB connected successfully","timestamp":"2025-06-22T09:28:46.715Z"}
{"level":"info","message":"POST /auth/signin 200 370 - 594.280 ms","timestamp":"2025-06-22T09:28:56.501Z"}
{"level":"info","message":"GET /weather?lat=24.71&lon=46.68 401 26 - 5.061 ms","timestamp":"2025-06-22T09:29:00.821Z"}
{"level":"info","message":"Server is running on port 3000","timestamp":"2025-06-22T09:38:02.200Z"}
{"level":"info","message":"MongoDB connected successfully","timestamp":"2025-06-22T09:38:04.085Z"}
{"level":"info","message":"GET /weather?lat=24.71&lon=46.68 401 26 - 23.295 ms","timestamp":"2025-06-22T09:38:47.211Z"}
{"level":"info","message":"POST /auth/signup 400 54 - 153.875 ms","timestamp":"2025-06-22T09:39:39.853Z"}
{"level":"info","message":"POST /auth/signin 200 370 - 497.506 ms","timestamp":"2025-06-22T09:39:45.794Z"}
{"level":"info","message":"GET /weather?lat=24.71&lon=46.68 401 26 - 1.025 ms","timestamp":"2025-06-22T09:39:53.753Z"}
{"level":"info","message":"GET /weather/eyJhbGciOiJIUzI1NiIsInR5cCI6IkpXVCJ9.eyJ0eXBlIjoiYWNjZXNzIiwidXNlciI6eyJpZCI6IjY4NTVhMjJlNWVlMDBjNjk4YjBiYTEwNyIsInJvbGUiOiJ1c2VyIn0sImlhdCI6MTc1MDU4NTE4NSwiZXhwIjoxNzUwNTg4Nzg1fQ.79I1m80Dh45W8x_9EMquHh6GbiZT87wulrrr61_cUKE?lat=24.71&lon=46.68 404 370 - 4.415 ms","timestamp":"2025-06-22T09:40:33.472Z"}
{"level":"info","message":"GET /weather?lat=24.71&lon=46.68 401 26 - 1.269 ms","timestamp":"2025-06-22T09:41:19.056Z"}
{"level":"info","message":"GET /weather?lat=24.71&lon=46.68 401 26 - 1.043 ms","timestamp":"2025-06-22T09:41:20.249Z"}
{"level":"info","message":"Server is running on port 3000","timestamp":"2025-06-22T09:43:27.875Z"}
{"level":"info","message":"MongoDB connected successfully","timestamp":"2025-06-22T09:43:29.303Z"}
{"level":"info","message":"Server is running on port 3000","timestamp":"2025-06-22T09:48:59.175Z"}
{"level":"info","message":"MongoDB connected successfully","timestamp":"2025-06-22T09:49:00.734Z"}
{"level":"info","message":"Server is running on port 3000","timestamp":"2025-06-22T09:49:27.705Z"}
{"level":"info","message":"MongoDB connected successfully","timestamp":"2025-06-22T09:49:28.951Z"}
{"level":"info","message":"Server is running on port 3000","timestamp":"2025-06-22T09:51:55.686Z"}
{"level":"info","message":"MongoDB connected successfully","timestamp":"2025-06-22T09:51:57.086Z"}
{"level":"info","message":"POST /auth/signin 401 46 - 145.086 ms","timestamp":"2025-06-22T09:52:02.919Z"}
{"level":"info","message":"POST /auth/signin 200 370 - 543.838 ms","timestamp":"2025-06-22T09:52:17.488Z"}
{"level":"info","message":"Server is running on port 3000","timestamp":"2025-06-22T09:54:54.593Z"}
{"level":"info","message":"Server is running on port 3000","timestamp":"2025-06-22T09:54:54.591Z"}
{"level":"info","message":"MongoDB connected successfully","timestamp":"2025-06-22T09:54:55.959Z"}
{"level":"info","message":"MongoDB connected successfully","timestamp":"2025-06-22T09:54:56.002Z"}
{"level":"info","message":"GET /weather?lat=24.71&lon=46.68 401 26 - 2.550 ms","timestamp":"2025-06-22T09:55:38.451Z"}
{"level":"info","message":"GET /weather?lat=24.71&lon=46.68 401 26 - 0.655 ms","timestamp":"2025-06-22T09:55:53.709Z"}
{"level":"info","message":"GET /weather?lat=24.71&lon=46.68 401 26 - 1.078 ms","timestamp":"2025-06-22T09:56:55.540Z"}
{"level":"info","message":"POST /auth/signin 200 370 - 844.995 ms","timestamp":"2025-06-22T09:57:14.355Z"}
{"level":"info","message":"POST /auth/signout 200 54 - 2.805 ms","timestamp":"2025-06-22T09:57:34.495Z"}
{"level":"info","message":"GET /weather?lat=24.71&lon=46.68 401 26 - 0.618 ms","timestamp":"2025-06-22T09:58:01.301Z"}
{"level":"info","message":"POST /auth/signin 200 370 - 425.537 ms","timestamp":"2025-06-22T09:58:39.769Z"}
{"level":"info","message":"Server is running on port 3000","timestamp":"2025-06-22T10:00:31.232Z"}
{"level":"info","message":"Server is running on port 3000","timestamp":"2025-06-22T10:00:31.222Z"}
{"level":"info","message":"MongoDB connected successfully","timestamp":"2025-06-22T10:00:32.558Z"}
{"level":"info","message":"MongoDB connected successfully","timestamp":"2025-06-22T10:00:32.582Z"}
{"level":"info","message":"GET /weather?lat=24.71&lon=46.68 401 26 - 12.668 ms","timestamp":"2025-06-22T10:00:35.122Z"}
{"level":"info","message":"POST /auth/signin 200 370 - 754.357 ms","timestamp":"2025-06-22T10:00:42.509Z"}
{"level":"info","message":"GET /weather?lat=24.71&lon=46.68 401 26 - 0.857 ms","timestamp":"2025-06-22T10:01:03.609Z"}
{"level":"info","message":"GET /weather?lat=24.71&lon=46.68 401 26 - 0.942 ms","timestamp":"2025-06-22T10:01:15.828Z"}
{"level":"info","message":"GET /weather?lat=24.71&lon=46.68 401 26 - 5.120 ms","timestamp":"2025-06-22T10:03:54.965Z"}
{"level":"info","message":"POST /auth/signin 200 370 - 261.761 ms","timestamp":"2025-06-22T10:04:23.502Z"}
{"level":"info","message":"GET /weather%20authorization:%22Bearer%20eyJhbGciOiJIUzI1NiIsInR5cCI6IkpXVCJ9.eyJ0eXBlIjoiYWNjZXNzIiwidXNlciI6eyJpZCI6IjY4NTVhMjJlNWVlMDBjNjk4YjBiYTEwNyIsInJvbGUiOiJ1c2VyIn0sImlhdCI6MTc1MDU4NjY2MywiZXhwIjoxNzUwNTkwMjYzfQ.t7fUaJud6FrtyJ_awyuYNfqRjocaRr8_8obpzWdMg14%22?lat=24.71&lon=46.68 404 401 - 5.679 ms","timestamp":"2025-06-22T10:04:33.043Z"}
{"level":"info","message":"Server is running on port 3000","timestamp":"2025-06-22T10:06:57.390Z"}
{"level":"info","message":"Server is running on port 3000","timestamp":"2025-06-22T10:06:57.398Z"}
{"level":"info","message":"MongoDB connected successfully","timestamp":"2025-06-22T10:06:59.857Z"}
{"level":"info","message":"MongoDB connected successfully","timestamp":"2025-06-22T10:07:00.293Z"}
{"level":"info","message":"GET /weather?lat=24.71&lon=46.68 401 26 - 9.645 ms","timestamp":"2025-06-22T10:09:15.658Z"}
{"level":"info","message":"GET /weather?lat=24.71&lon=46.68 200 489 - 2387.394 ms","timestamp":"2025-06-22T10:10:01.636Z"}
{"level":"info","message":"Server is running on port 3000","timestamp":"2025-06-22T10:10:19.413Z"}
{"level":"info","message":"Server is running on port 3000","timestamp":"2025-06-22T10:10:19.413Z"}
{"level":"info","message":"MongoDB connected successfully","timestamp":"2025-06-22T10:10:22.016Z"}
{"level":"info","message":"MongoDB connected successfully","timestamp":"2025-06-22T10:10:22.015Z"}
{"level":"info","message":"GET /weather?lat=24.71&lon=46.68 401 26 - 9.654 ms","timestamp":"2025-06-22T10:10:28.660Z"}
{"level":"info","message":"Server is running on port 3000","timestamp":"2025-06-22T10:10:39.041Z"}
{"level":"info","message":"Server is running on port 3000","timestamp":"2025-06-22T10:10:39.070Z"}
{"level":"info","message":"MongoDB connected successfully","timestamp":"2025-06-22T10:10:42.112Z"}
{"level":"info","message":"MongoDB connected successfully","timestamp":"2025-06-22T10:10:42.936Z"}
{"level":"info","message":"GET /weather?lat=24.71&lon=46.68 200 489 - 448.714 ms","timestamp":"2025-06-22T10:11:39.337Z"}
{"level":"info","message":"POST /auth/signout 200 54 - 52.600 ms","timestamp":"2025-06-22T10:11:43.313Z"}
{"level":"info","message":"GET /weather?lat=24.71&lon=46.68 200 489 - 311.437 ms","timestamp":"2025-06-22T10:11:46.595Z"}
{"level":"info","message":"Server is running on port 3000","timestamp":"2025-06-22T10:38:14.604Z"}
{"level":"info","message":"Server is running on port 3000","timestamp":"2025-06-22T10:38:14.605Z"}
{"level":"info","message":"MongoDB connected successfully","timestamp":"2025-06-22T10:38:20.001Z"}
{"level":"info","message":"MongoDB connected successfully","timestamp":"2025-06-22T10:38:20.010Z"}
{"level":"info","message":"POST /auth/signout 200 56 - 33.454 ms","timestamp":"2025-06-22T10:38:29.054Z"}
{"level":"info","message":"GET /weather?lat=24.71&lon=46.68 200 489 - 250.009 ms","timestamp":"2025-06-22T10:38:34.684Z"}
